<?xml version="1.0" encoding="UTF-8"?>
<testsuite name="controller.OrderItemsDetailsControllerTest" time="1.473" tests="3" errors="0" skipped="0" failures="3">
  <properties>
[...]
</properties>
  <testcase name="testFindAll" classname="controller.OrderItemsDetailsControllerTest" time="1.176">
    <failure message="Status expected:&lt;200&gt; but was:&lt;404&gt;" type="java.lang.AssertionError"><![CDATA[java.lang.AssertionError: Status expected:<200> but was:<404>
	at org.springframework.test.util.AssertionErrors.fail(AssertionErrors.java:54)
	at org.springframework.test.util.AssertionErrors.assertEquals(AssertionErrors.java:81)
	at org.springframework.test.web.servlet.result.StatusResultMatchers$10.match(StatusResultMatchers.java:665)
	at org.springframework.test.web.servlet.MockMvc$1.andExpect(MockMvc.java:171)
	at controller.OrderItemsDetailsControllerTest.testFindAll(OrderItemsDetailsControllerTest.java:94)
]]></failure>
    <system-out><![CDATA[15:31:50.545 [main] DEBUG org.springframework.core.env.StandardEnvironment - Adding [systemProperties] PropertySource with lowest search precedence
15:31:50.569 [main] DEBUG org.springframework.core.env.StandardEnvironment - Adding [systemEnvironment] PropertySource with lowest search precedence
15:31:50.575 [main] DEBUG org.springframework.core.env.StandardEnvironment - Initialized StandardEnvironment with PropertySources [systemProperties,systemEnvironment]
15:31:50.973 [main] DEBUG org.springframework.test.web.servlet.setup.StandaloneMockMvcBuilder$StaticRequestMappingHandlerMapping - Looking for request mappings in application context: org.springframework.test.web.servlet.setup.StubWebApplicationContext@4b5a5ed1
15:31:50.976 [main] DEBUG org.springframework.test.web.servlet.setup.StandaloneMockMvcBuilder$StaticRequestMappingHandlerMapping - 0 request handler methods found on class com.orderManagementService.dao.OrderItemDetailsDao: {}
15:31:51.106 [main] DEBUG org.jboss.logging - Logging Provider: org.jboss.logging.Slf4jLoggerProvider
15:31:51.109 [main] INFO org.hibernate.validator.internal.util.Version - HV000001: Hibernate Validator 5.3.5.Final
15:31:51.154 [main] DEBUG org.hibernate.validator.internal.engine.resolver.DefaultTraversableResolver - Found javax.persistence.Persistence on classpath containing 'getPersistenceUtil'. Assuming JPA 2 environment. Trying to instantiate JPA aware TraversableResolver
15:31:51.155 [main] DEBUG org.hibernate.validator.internal.engine.resolver.DefaultTraversableResolver - Instantiated JPA aware TraversableResolver of type org.hibernate.validator.internal.engine.resolver.JPATraversableResolver.
15:31:51.174 [main] DEBUG org.hibernate.validator.internal.engine.ConfigurationImpl - Setting custom MessageInterpolator of type org.springframework.validation.beanvalidation.LocaleContextMessageInterpolator
15:31:51.190 [main] DEBUG org.hibernate.validator.internal.engine.ConfigurationImpl - Setting custom ParameterNameProvider of type com.sun.proxy.$Proxy10
15:31:51.194 [main] DEBUG org.hibernate.validator.internal.xml.ValidationXmlParser - Trying to load META-INF/validation.xml for XML based Validator configuration.
15:31:51.197 [main] DEBUG org.hibernate.validator.internal.xml.ResourceLoaderHelper - Trying to load META-INF/validation.xml via TCCL
15:31:51.198 [main] DEBUG org.hibernate.validator.internal.xml.ResourceLoaderHelper - Trying to load META-INF/validation.xml via Hibernate Validator's class loader
15:31:51.199 [main] DEBUG org.hibernate.validator.internal.xml.ValidationXmlParser - No META-INF/validation.xml found. Using annotation based configuration only.
15:31:51.311 [main] INFO org.springframework.web.servlet.mvc.method.annotation.RequestMappingHandlerAdapter - Looking for @ControllerAdvice: org.springframework.test.web.servlet.setup.StubWebApplicationContext@4b5a5ed1
15:31:51.386 [main] DEBUG org.springframework.web.servlet.mvc.method.annotation.ExceptionHandlerExceptionResolver - Looking for exception mappings: org.springframework.test.web.servlet.setup.StubWebApplicationContext@4b5a5ed1
15:31:51.438 [main] DEBUG org.springframework.test.web.servlet.TestDispatcherServlet - Initializing servlet ''
15:31:51.443 [main] INFO org.springframework.mock.web.MockServletContext - Initializing Spring FrameworkServlet ''
15:31:51.443 [main] INFO org.springframework.test.web.servlet.TestDispatcherServlet - FrameworkServlet '': initialization started
15:31:51.450 [main] DEBUG org.springframework.test.web.servlet.TestDispatcherServlet - Unable to locate MultipartResolver with name 'multipartResolver': no multipart request handling provided
15:31:51.450 [main] DEBUG org.springframework.test.web.servlet.TestDispatcherServlet - Using LocaleResolver [org.springframework.web.servlet.i18n.AcceptHeaderLocaleResolver@a307a8c]
15:31:51.450 [main] DEBUG org.springframework.test.web.servlet.TestDispatcherServlet - Using ThemeResolver [org.springframework.web.servlet.theme.FixedThemeResolver@6e01f9b0]
15:31:51.451 [main] DEBUG org.springframework.test.web.servlet.TestDispatcherServlet - Using RequestToViewNameTranslator [org.springframework.web.servlet.view.DefaultRequestToViewNameTranslator@2b9ed6da]
15:31:51.451 [main] DEBUG org.springframework.test.web.servlet.TestDispatcherServlet - Using FlashMapManager [org.springframework.web.servlet.support.SessionFlashMapManager@6c61a903]
15:31:51.452 [main] DEBUG org.springframework.test.web.servlet.TestDispatcherServlet - Published WebApplicationContext of servlet '' as ServletContext attribute with name [org.springframework.web.servlet.FrameworkServlet.CONTEXT.]
15:31:51.452 [main] INFO org.springframework.test.web.servlet.TestDispatcherServlet - FrameworkServlet '': initialization completed in 8 ms
15:31:51.452 [main] DEBUG org.springframework.test.web.servlet.TestDispatcherServlet - Servlet '' configured successfully
15:31:51.512 [main] DEBUG org.springframework.test.web.servlet.TestDispatcherServlet - DispatcherServlet with name '' processing GET request for [/OrderDetails/allOrderDetails]
15:31:51.515 [main] DEBUG org.springframework.test.web.servlet.setup.StandaloneMockMvcBuilder$StaticRequestMappingHandlerMapping - Looking up handler method for path /OrderDetails/allOrderDetails
15:31:51.516 [main] DEBUG org.springframework.test.web.servlet.setup.StandaloneMockMvcBuilder$StaticRequestMappingHandlerMapping - Did not find handler method for [/OrderDetails/allOrderDetails]
15:31:51.516 [main] WARN org.springframework.web.servlet.PageNotFound - No mapping found for HTTP request with URI [/OrderDetails/allOrderDetails] in DispatcherServlet with name ''
15:31:51.518 [main] DEBUG org.springframework.test.web.servlet.TestDispatcherServlet - Successfully completed request
]]></system-out>
  </testcase>
  <testcase name="testCreateOrderItemDetails" classname="controller.OrderItemsDetailsControllerTest" time="0.247">
    <failure message="Status expected:&lt;200&gt; but was:&lt;404&gt;" type="java.lang.AssertionError"><![CDATA[java.lang.AssertionError: Status expected:<200> but was:<404>
	at org.springframework.test.util.AssertionErrors.fail(AssertionErrors.java:54)
	at org.springframework.test.util.AssertionErrors.assertEquals(AssertionErrors.java:81)
	at org.springframework.test.web.servlet.result.StatusResultMatchers$10.match(StatusResultMatchers.java:665)
	at org.springframework.test.web.servlet.MockMvc$1.andExpect(MockMvc.java:171)
	at controller.OrderItemsDetailsControllerTest.testCreateOrderItemDetails(OrderItemsDetailsControllerTest.java:52)
]]></failure>
    <system-out><![CDATA[15:31:51.535 [main] DEBUG org.springframework.core.env.StandardEnvironment - Adding [systemProperties] PropertySource with lowest search precedence
15:31:51.535 [main] DEBUG org.springframework.core.env.StandardEnvironment - Adding [systemEnvironment] PropertySource with lowest search precedence
15:31:51.536 [main] DEBUG org.springframework.core.env.StandardEnvironment - Initialized StandardEnvironment with PropertySources [systemProperties,systemEnvironment]
15:31:51.540 [main] DEBUG org.springframework.test.web.servlet.setup.StandaloneMockMvcBuilder$StaticRequestMappingHandlerMapping - Looking for request mappings in application context: org.springframework.test.web.servlet.setup.StubWebApplicationContext@6f7923a5
15:31:51.540 [main] DEBUG org.springframework.test.web.servlet.setup.StandaloneMockMvcBuilder$StaticRequestMappingHandlerMapping - 0 request handler methods found on class com.orderManagementService.dao.OrderItemDetailsDao: {}
15:31:51.552 [main] DEBUG org.hibernate.validator.internal.engine.resolver.DefaultTraversableResolver - Found javax.persistence.Persistence on classpath containing 'getPersistenceUtil'. Assuming JPA 2 environment. Trying to instantiate JPA aware TraversableResolver
15:31:51.552 [main] DEBUG org.hibernate.validator.internal.engine.resolver.DefaultTraversableResolver - Instantiated JPA aware TraversableResolver of type org.hibernate.validator.internal.engine.resolver.JPATraversableResolver.
15:31:51.553 [main] DEBUG org.hibernate.validator.internal.engine.ConfigurationImpl - Setting custom MessageInterpolator of type org.springframework.validation.beanvalidation.LocaleContextMessageInterpolator
15:31:51.554 [main] DEBUG org.hibernate.validator.internal.engine.ConfigurationImpl - Setting custom ParameterNameProvider of type com.sun.proxy.$Proxy10
15:31:51.555 [main] DEBUG org.hibernate.validator.internal.xml.ValidationXmlParser - Trying to load META-INF/validation.xml for XML based Validator configuration.
15:31:51.556 [main] DEBUG org.hibernate.validator.internal.xml.ResourceLoaderHelper - Trying to load META-INF/validation.xml via TCCL
15:31:51.557 [main] DEBUG org.hibernate.validator.internal.xml.ResourceLoaderHelper - Trying to load META-INF/validation.xml via Hibernate Validator's class loader
15:31:51.558 [main] DEBUG org.hibernate.validator.internal.xml.ValidationXmlParser - No META-INF/validation.xml found. Using annotation based configuration only.
15:31:51.561 [main] INFO org.springframework.web.servlet.mvc.method.annotation.RequestMappingHandlerAdapter - Looking for @ControllerAdvice: org.springframework.test.web.servlet.setup.StubWebApplicationContext@6f7923a5
15:31:51.565 [main] DEBUG org.springframework.web.servlet.mvc.method.annotation.ExceptionHandlerExceptionResolver - Looking for exception mappings: org.springframework.test.web.servlet.setup.StubWebApplicationContext@6f7923a5
15:31:51.567 [main] DEBUG org.springframework.test.web.servlet.TestDispatcherServlet - Initializing servlet ''
15:31:51.567 [main] INFO org.springframework.mock.web.MockServletContext - Initializing Spring FrameworkServlet ''
15:31:51.567 [main] INFO org.springframework.test.web.servlet.TestDispatcherServlet - FrameworkServlet '': initialization started
15:31:51.568 [main] DEBUG org.springframework.test.web.servlet.TestDispatcherServlet - Unable to locate MultipartResolver with name 'multipartResolver': no multipart request handling provided
15:31:51.568 [main] DEBUG org.springframework.test.web.servlet.TestDispatcherServlet - Using LocaleResolver [org.springframework.web.servlet.i18n.AcceptHeaderLocaleResolver@73302995]
15:31:51.569 [main] DEBUG org.springframework.test.web.servlet.TestDispatcherServlet - Using ThemeResolver [org.springframework.web.servlet.theme.FixedThemeResolver@1838ccb8]
15:31:51.570 [main] DEBUG org.springframework.test.web.servlet.TestDispatcherServlet - Using RequestToViewNameTranslator [org.springframework.web.servlet.view.DefaultRequestToViewNameTranslator@6c2ed0cd]
15:31:51.570 [main] DEBUG org.springframework.test.web.servlet.TestDispatcherServlet - Using FlashMapManager [org.springframework.web.servlet.support.SessionFlashMapManager@7d9e8ef7]
15:31:51.571 [main] DEBUG org.springframework.test.web.servlet.TestDispatcherServlet - Published WebApplicationContext of servlet '' as ServletContext attribute with name [org.springframework.web.servlet.FrameworkServlet.CONTEXT.]
15:31:51.572 [main] INFO org.springframework.test.web.servlet.TestDispatcherServlet - FrameworkServlet '': initialization completed in 4 ms
15:31:51.573 [main] DEBUG org.springframework.test.web.servlet.TestDispatcherServlet - Servlet '' configured successfully
15:31:51.774 [main] DEBUG org.springframework.test.web.servlet.TestDispatcherServlet - DispatcherServlet with name '' processing POST request for [/OrderItemDetails/createOrderItemDetails]
15:31:51.775 [main] DEBUG org.springframework.test.web.servlet.setup.StandaloneMockMvcBuilder$StaticRequestMappingHandlerMapping - Looking up handler method for path /OrderItemDetails/createOrderItemDetails
15:31:51.778 [main] DEBUG org.springframework.test.web.servlet.setup.StandaloneMockMvcBuilder$StaticRequestMappingHandlerMapping - Did not find handler method for [/OrderItemDetails/createOrderItemDetails]
15:31:51.778 [main] WARN org.springframework.web.servlet.PageNotFound - No mapping found for HTTP request with URI [/OrderItemDetails/createOrderItemDetails] in DispatcherServlet with name ''
15:31:51.778 [main] DEBUG org.springframework.test.web.servlet.TestDispatcherServlet - Successfully completed request
]]></system-out>
  </testcase>
  <testcase name="getOrderDetailsTest" classname="controller.OrderItemsDetailsControllerTest" time="0.05">
    <failure message="Status expected:&lt;200&gt; but was:&lt;404&gt;" type="java.lang.AssertionError"><![CDATA[java.lang.AssertionError: Status expected:<200> but was:<404>
	at org.springframework.test.util.AssertionErrors.fail(AssertionErrors.java:54)
	at org.springframework.test.util.AssertionErrors.assertEquals(AssertionErrors.java:81)
	at org.springframework.test.web.servlet.result.StatusResultMatchers$10.match(StatusResultMatchers.java:665)
	at org.springframework.test.web.servlet.MockMvc$1.andExpect(MockMvc.java:171)
	at controller.OrderItemsDetailsControllerTest.getOrderDetailsTest(OrderItemsDetailsControllerTest.java:77)
]]></failure>
    <system-out><![CDATA[15:31:51.784 [main] DEBUG org.springframework.core.env.StandardEnvironment - Adding [systemProperties] PropertySource with lowest search precedence
15:31:51.785 [main] DEBUG org.springframework.core.env.StandardEnvironment - Adding [systemEnvironment] PropertySource with lowest search precedence
15:31:51.785 [main] DEBUG org.springframework.core.env.StandardEnvironment - Initialized StandardEnvironment with PropertySources [systemProperties,systemEnvironment]
15:31:51.790 [main] DEBUG org.springframework.test.web.servlet.setup.StandaloneMockMvcBuilder$StaticRequestMappingHandlerMapping - Looking for request mappings in application context: org.springframework.test.web.servlet.setup.StubWebApplicationContext@77102b91
15:31:51.791 [main] DEBUG org.springframework.test.web.servlet.setup.StandaloneMockMvcBuilder$StaticRequestMappingHandlerMapping - 0 request handler methods found on class com.orderManagementService.dao.OrderItemDetailsDao: {}
15:31:51.805 [main] DEBUG org.hibernate.validator.internal.engine.resolver.DefaultTraversableResolver - Found javax.persistence.Persistence on classpath containing 'getPersistenceUtil'. Assuming JPA 2 environment. Trying to instantiate JPA aware TraversableResolver
15:31:51.806 [main] DEBUG org.hibernate.validator.internal.engine.resolver.DefaultTraversableResolver - Instantiated JPA aware TraversableResolver of type org.hibernate.validator.internal.engine.resolver.JPATraversableResolver.
15:31:51.806 [main] DEBUG org.hibernate.validator.internal.engine.ConfigurationImpl - Setting custom MessageInterpolator of type org.springframework.validation.beanvalidation.LocaleContextMessageInterpolator
15:31:51.806 [main] DEBUG org.hibernate.validator.internal.engine.ConfigurationImpl - Setting custom ParameterNameProvider of type com.sun.proxy.$Proxy10
15:31:51.807 [main] DEBUG org.hibernate.validator.internal.xml.ValidationXmlParser - Trying to load META-INF/validation.xml for XML based Validator configuration.
15:31:51.807 [main] DEBUG org.hibernate.validator.internal.xml.ResourceLoaderHelper - Trying to load META-INF/validation.xml via TCCL
15:31:51.808 [main] DEBUG org.hibernate.validator.internal.xml.ResourceLoaderHelper - Trying to load META-INF/validation.xml via Hibernate Validator's class loader
15:31:51.808 [main] DEBUG org.hibernate.validator.internal.xml.ValidationXmlParser - No META-INF/validation.xml found. Using annotation based configuration only.
15:31:51.812 [main] INFO org.springframework.web.servlet.mvc.method.annotation.RequestMappingHandlerAdapter - Looking for @ControllerAdvice: org.springframework.test.web.servlet.setup.StubWebApplicationContext@77102b91
15:31:51.821 [main] DEBUG org.springframework.web.servlet.mvc.method.annotation.ExceptionHandlerExceptionResolver - Looking for exception mappings: org.springframework.test.web.servlet.setup.StubWebApplicationContext@77102b91
15:31:51.822 [main] DEBUG org.springframework.test.web.servlet.TestDispatcherServlet - Initializing servlet ''
15:31:51.822 [main] INFO org.springframework.mock.web.MockServletContext - Initializing Spring FrameworkServlet ''
15:31:51.822 [main] INFO org.springframework.test.web.servlet.TestDispatcherServlet - FrameworkServlet '': initialization started
15:31:51.823 [main] DEBUG org.springframework.test.web.servlet.TestDispatcherServlet - Unable to locate MultipartResolver with name 'multipartResolver': no multipart request handling provided
15:31:51.823 [main] DEBUG org.springframework.test.web.servlet.TestDispatcherServlet - Using LocaleResolver [org.springframework.web.servlet.i18n.AcceptHeaderLocaleResolver@3f9342d4]
15:31:51.824 [main] DEBUG org.springframework.test.web.servlet.TestDispatcherServlet - Using ThemeResolver [org.springframework.web.servlet.theme.FixedThemeResolver@ab7395e]
15:31:51.825 [main] DEBUG org.springframework.test.web.servlet.TestDispatcherServlet - Using RequestToViewNameTranslator [org.springframework.web.servlet.view.DefaultRequestToViewNameTranslator@50d13246]
15:31:51.825 [main] DEBUG org.springframework.test.web.servlet.TestDispatcherServlet - Using FlashMapManager [org.springframework.web.servlet.support.SessionFlashMapManager@2bd08376]
15:31:51.825 [main] DEBUG org.springframework.test.web.servlet.TestDispatcherServlet - Published WebApplicationContext of servlet '' as ServletContext attribute with name [org.springframework.web.servlet.FrameworkServlet.CONTEXT.]
15:31:51.825 [main] INFO org.springframework.test.web.servlet.TestDispatcherServlet - FrameworkServlet '': initialization completed in 2 ms
15:31:51.826 [main] DEBUG org.springframework.test.web.servlet.TestDispatcherServlet - Servlet '' configured successfully
15:31:51.829 [main] DEBUG org.springframework.test.web.servlet.TestDispatcherServlet - DispatcherServlet with name '' processing GET request for [/OrderItemDetails/getOrderItemInfoByID/1]
15:31:51.830 [main] DEBUG org.springframework.test.web.servlet.setup.StandaloneMockMvcBuilder$StaticRequestMappingHandlerMapping - Looking up handler method for path /OrderItemDetails/getOrderItemInfoByID/1
15:31:51.830 [main] DEBUG org.springframework.test.web.servlet.setup.StandaloneMockMvcBuilder$StaticRequestMappingHandlerMapping - Did not find handler method for [/OrderItemDetails/getOrderItemInfoByID/1]
15:31:51.830 [main] WARN org.springframework.web.servlet.PageNotFound - No mapping found for HTTP request with URI [/OrderItemDetails/getOrderItemInfoByID/1] in DispatcherServlet with name ''
15:31:51.831 [main] DEBUG org.springframework.test.web.servlet.TestDispatcherServlet - Successfully completed request
]]></system-out>
  </testcase>
</testsuite>